app/build/intermediates/manifest_merge_blame_file/debug/processDebugMainManifest/manifest-merger-blame-debug-report.txt
1<?xml version="1.0" encoding="utf-8"?>
2<manifest xmlns:android="http://schemas.android.com/apk/res/android"
3    package="com.audioguiatravel.edinburgh"
4    android:versionCode="1"
5    android:versionName="0.2.0" >
6
7    <uses-sdk
8        android:minSdkVersion="26"
9        android:targetSdkVersion="35" />
10
11    <uses-permission android:name="android.permission.FOREGROUND_SERVICE" />
11-->src\main\AndroidManifest.xml:4:5-77
11-->src\main\AndroidManifest.xml:4:22-74
12    <uses-permission android:name="android.permission.FOREGROUND_SERVICE_MEDIA_PLAYBACK" />
12-->src\main\AndroidManifest.xml:5:5-92
12-->src\main\AndroidManifest.xml:5:22-89
13    <uses-permission android:name="android.permission.POST_NOTIFICATIONS" />
13-->src\main\AndroidManifest.xml:6:5-77
13-->src\main\AndroidManifest.xml:6:22-74
14    <uses-permission android:name="android.permission.ACCESS_COARSE_LOCATION" />
14-->src\main\AndroidManifest.xml:7:5-81
14-->src\main\AndroidManifest.xml:7:22-78
15    <uses-permission android:name="android.permission.ACCESS_FINE_LOCATION" />
15-->src\main\AndroidManifest.xml:8:5-79
15-->src\main\AndroidManifest.xml:8:22-76
16    <uses-permission android:name="android.permission.INTERNET" />
16-->src\main\AndroidManifest.xml:9:5-67
16-->src\main\AndroidManifest.xml:9:22-64
17    <uses-permission android:name="android.permission.ACCESS_NETWORK_STATE" />
17-->[androidx.media3:media3-common:1.5.1] AndroidManifest.xml:22:5-79
17-->[androidx.media3:media3-common:1.5.1] AndroidManifest.xml:22:22-76
18
19    <uses-feature
19-->[com.google.android.gms:play-services-maps:19.0.0] AndroidManifest.xml:26:5-28:35
20        android:glEsVersion="0x00020000"
20-->[com.google.android.gms:play-services-maps:19.0.0] AndroidManifest.xml:27:9-41
21        android:required="true" />
21-->[com.google.android.gms:play-services-maps:19.0.0] AndroidManifest.xml:28:9-32
22
23    <queries>
23-->[com.google.android.gms:play-services-maps:19.0.0] AndroidManifest.xml:30:5-34:15
24
25        <!-- Needs to be explicitly declared on Android R+ -->
26        <package android:name="com.google.android.apps.maps" />
26-->[com.google.android.gms:play-services-maps:19.0.0] AndroidManifest.xml:33:9-64
26-->[com.google.android.gms:play-services-maps:19.0.0] AndroidManifest.xml:33:18-61
27    </queries> <!-- Is required to launch foreground extraction service for targetSdkVersion 34+. -->
28    <uses-permission android:name="android.permission.FOREGROUND_SERVICE_DATA_SYNC" />
28-->[com.google.android.play:asset-delivery:2.2.2] AndroidManifest.xml:15:5-87
28-->[com.google.android.play:asset-delivery:2.2.2] AndroidManifest.xml:15:22-84
29
30    <permission
30-->[androidx.core:core:1.15.0] AndroidManifest.xml:22:5-24:47
31        android:name="com.audioguiatravel.edinburgh.DYNAMIC_RECEIVER_NOT_EXPORTED_PERMISSION"
31-->[androidx.core:core:1.15.0] AndroidManifest.xml:23:9-81
32        android:protectionLevel="signature" />
32-->[androidx.core:core:1.15.0] AndroidManifest.xml:24:9-44
33
34    <uses-permission android:name="com.audioguiatravel.edinburgh.DYNAMIC_RECEIVER_NOT_EXPORTED_PERMISSION" />
34-->[androidx.core:core:1.15.0] AndroidManifest.xml:26:5-97
34-->[androidx.core:core:1.15.0] AndroidManifest.xml:26:22-94
35
36    <application
36-->src\main\AndroidManifest.xml:11:5-41:19
37        android:allowBackup="true"
37-->src\main\AndroidManifest.xml:12:9-35
38        android:appComponentFactory="androidx.core.app.CoreComponentFactory"
38-->[androidx.core:core:1.15.0] AndroidManifest.xml:28:18-86
39        android:debuggable="true"
40        android:extractNativeLibs="false"
41        android:icon="@mipmap/ic_launcher"
41-->src\main\AndroidManifest.xml:13:9-43
42        android:label="@string/app_name"
42-->src\main\AndroidManifest.xml:14:9-41
43        android:roundIcon="@mipmap/ic_launcher_round"
43-->src\main\AndroidManifest.xml:15:9-54
44        android:supportsRtl="true"
44-->src\main\AndroidManifest.xml:16:9-35
45        android:theme="@style/Theme.AudioGuiaTravel" >
45-->src\main\AndroidManifest.xml:17:9-53
46        <meta-data
47            android:name="com.google.android.geo.API_KEY"
47-->src\main\AndroidManifest.xml:20:13-58
48            android:value="" />
48-->src\main\AndroidManifest.xml:21:13-44
49
50        <activity
50-->src\main\AndroidManifest.xml:23:9-31:20
51            android:name="com.audioguiatravel.edinburgh.MainActivity"
51-->src\main\AndroidManifest.xml:24:13-41
52            android:exported="true"
52-->src\main\AndroidManifest.xml:25:13-36
53            android:theme="@style/Theme.AudioGuiaTravel" >
53-->src\main\AndroidManifest.xml:26:13-57
54            <intent-filter>
54-->src\main\AndroidManifest.xml:27:13-30:29
55                <action android:name="android.intent.action.MAIN" />
55-->src\main\AndroidManifest.xml:28:17-69
55-->src\main\AndroidManifest.xml:28:25-66
56
57                <category android:name="android.intent.category.LAUNCHER" />
57-->src\main\AndroidManifest.xml:29:17-77
57-->src\main\AndroidManifest.xml:29:27-74
58            </intent-filter>
59        </activity>
60
61        <service
61-->src\main\AndroidManifest.xml:33:9-40:19
62            android:name="com.audioguiatravel.edinburgh.audio.TourPlaybackService"
62-->src\main\AndroidManifest.xml:34:13-54
63            android:exported="false"
63-->src\main\AndroidManifest.xml:35:13-37
64            android:foregroundServiceType="mediaPlayback" >
64-->src\main\AndroidManifest.xml:36:13-58
65            <intent-filter>
65-->src\main\AndroidManifest.xml:37:13-39:29
66                <action android:name="androidx.media3.session.MediaSessionService" />
66-->src\main\AndroidManifest.xml:38:17-86
66-->src\main\AndroidManifest.xml:38:25-83
67            </intent-filter>
68        </service>
69        <!-- Needs to be explicitly declared on P+ -->
70        <uses-library
70-->[com.google.android.gms:play-services-maps:19.0.0] AndroidManifest.xml:39:9-41:40
71            android:name="org.apache.http.legacy"
71-->[com.google.android.gms:play-services-maps:19.0.0] AndroidManifest.xml:40:13-50
72            android:required="false" />
72-->[com.google.android.gms:play-services-maps:19.0.0] AndroidManifest.xml:41:13-37
73
74        <activity
74-->[com.google.android.gms:play-services-base:18.5.0] AndroidManifest.xml:5:9-173
75            android:name="com.google.android.gms.common.api.GoogleApiActivity"
75-->[com.google.android.gms:play-services-base:18.5.0] AndroidManifest.xml:5:19-85
76            android:exported="false"
76-->[com.google.android.gms:play-services-base:18.5.0] AndroidManifest.xml:5:146-170
77            android:theme="@android:style/Theme.Translucent.NoTitleBar" /> <!-- The services will be merged into the manifest of the hosting app. -->
77-->[com.google.android.gms:play-services-base:18.5.0] AndroidManifest.xml:5:86-145
78        <service
78-->[com.google.android.play:asset-delivery:2.2.2] AndroidManifest.xml:20:9-27:19
79            android:name="com.google.android.play.core.assetpacks.AssetPackExtractionService"
79-->[com.google.android.play:asset-delivery:2.2.2] AndroidManifest.xml:21:13-94
80            android:enabled="false"
80-->[com.google.android.play:asset-delivery:2.2.2] AndroidManifest.xml:22:13-36
81            android:exported="true" >
81-->[com.google.android.play:asset-delivery:2.2.2] AndroidManifest.xml:23:13-36
82            <meta-data
82-->[com.google.android.play:asset-delivery:2.2.2] AndroidManifest.xml:24:13-26:41
83                android:name="com.google.android.play.core.assetpacks.versionCode"
83-->[com.google.android.play:asset-delivery:2.2.2] AndroidManifest.xml:25:17-83
84                android:value="20202" />
84-->[com.google.android.play:asset-delivery:2.2.2] AndroidManifest.xml:26:17-38
85        </service>
86        <service
86-->[com.google.android.play:asset-delivery:2.2.2] AndroidManifest.xml:28:9-32:56
87            android:name="com.google.android.play.core.assetpacks.ExtractionForegroundService"
87-->[com.google.android.play:asset-delivery:2.2.2] AndroidManifest.xml:29:13-95
88            android:enabled="false"
88-->[com.google.android.play:asset-delivery:2.2.2] AndroidManifest.xml:30:13-36
89            android:exported="false"
89-->[com.google.android.play:asset-delivery:2.2.2] AndroidManifest.xml:31:13-37
90            android:foregroundServiceType="dataSync" />
90-->[com.google.android.play:asset-delivery:2.2.2] AndroidManifest.xml:32:13-53
91
92        <meta-data
92-->[com.google.android.gms:play-services-basement:18.4.0] AndroidManifest.xml:6:9-122
93            android:name="com.google.android.gms.version"
93-->[com.google.android.gms:play-services-basement:18.4.0] AndroidManifest.xml:6:20-65
94            android:value="@integer/google_play_services_version" />
94-->[com.google.android.gms:play-services-basement:18.4.0] AndroidManifest.xml:6:66-119
95
96        <activity
96-->[androidx.compose.ui:ui-test-manifest:1.7.6] AndroidManifest.xml:23:9-25:39
97            android:name="androidx.activity.ComponentActivity"
97-->[androidx.compose.ui:ui-test-manifest:1.7.6] AndroidManifest.xml:24:13-63
98            android:exported="true" />
98-->[androidx.compose.ui:ui-test-manifest:1.7.6] AndroidManifest.xml:25:13-36
99        <activity
99-->[androidx.compose.ui:ui-tooling-android:1.7.6] AndroidManifest.xml:23:9-25:39
100            android:name="androidx.compose.ui.tooling.PreviewActivity"
100-->[androidx.compose.ui:ui-tooling-android:1.7.6] AndroidManifest.xml:24:13-71
101            android:exported="true" />
101-->[androidx.compose.ui:ui-tooling-android:1.7.6] AndroidManifest.xml:25:13-36
102
103        <provider
103-->[androidx.emoji2:emoji2:1.3.0] AndroidManifest.xml:24:9-32:20
104            android:name="androidx.startup.InitializationProvider"
104-->[androidx.emoji2:emoji2:1.3.0] AndroidManifest.xml:25:13-67
105            android:authorities="com.audioguiatravel.edinburgh.androidx-startup"
105-->[androidx.emoji2:emoji2:1.3.0] AndroidManifest.xml:26:13-68
106            android:exported="false" >
106-->[androidx.emoji2:emoji2:1.3.0] AndroidManifest.xml:27:13-37
107            <meta-data
107-->[androidx.emoji2:emoji2:1.3.0] AndroidManifest.xml:29:13-31:52
108                android:name="androidx.emoji2.text.EmojiCompatInitializer"
108-->[androidx.emoji2:emoji2:1.3.0] AndroidManifest.xml:30:17-75
109                android:value="androidx.startup" />
109-->[androidx.emoji2:emoji2:1.3.0] AndroidManifest.xml:31:17-49
110            <meta-data
110-->[androidx.lifecycle:lifecycle-process:2.8.7] AndroidManifest.xml:29:13-31:52
111                android:name="androidx.lifecycle.ProcessLifecycleInitializer"
111-->[androidx.lifecycle:lifecycle-process:2.8.7] AndroidManifest.xml:30:17-78
112                android:value="androidx.startup" />
112-->[androidx.lifecycle:lifecycle-process:2.8.7] AndroidManifest.xml:31:17-49
113            <meta-data
113-->[androidx.profileinstaller:profileinstaller:1.3.1] AndroidManifest.xml:29:13-31:52
114                android:name="androidx.profileinstaller.ProfileInstallerInitializer"
114-->[androidx.profileinstaller:profileinstaller:1.3.1] AndroidManifest.xml:30:17-85
115                android:value="androidx.startup" />
115-->[androidx.profileinstaller:profileinstaller:1.3.1] AndroidManifest.xml:31:17-49
116        </provider>
117
118        <receiver
118-->[androidx.profileinstaller:profileinstaller:1.3.1] AndroidManifest.xml:34:9-52:20
119            android:name="androidx.profileinstaller.ProfileInstallReceiver"
119-->[androidx.profileinstaller:profileinstaller:1.3.1] AndroidManifest.xml:35:13-76
120            android:directBootAware="false"
120-->[androidx.profileinstaller:profileinstaller:1.3.1] AndroidManifest.xml:36:13-44
121            android:enabled="true"
121-->[androidx.profileinstaller:profileinstaller:1.3.1] AndroidManifest.xml:37:13-35
122            android:exported="true"
122-->[androidx.profileinstaller:profileinstaller:1.3.1] AndroidManifest.xml:38:13-36
123            android:permission="android.permission.DUMP" >
123-->[androidx.profileinstaller:profileinstaller:1.3.1] AndroidManifest.xml:39:13-57
124            <intent-filter>
124-->[androidx.profileinstaller:profileinstaller:1.3.1] AndroidManifest.xml:40:13-42:29
125                <action android:name="androidx.profileinstaller.action.INSTALL_PROFILE" />
125-->[androidx.profileinstaller:profileinstaller:1.3.1] AndroidManifest.xml:41:17-91
125-->[androidx.profileinstaller:profileinstaller:1.3.1] AndroidManifest.xml:41:25-88
126            </intent-filter>
127            <intent-filter>
127-->[androidx.profileinstaller:profileinstaller:1.3.1] AndroidManifest.xml:43:13-45:29
128                <action android:name="androidx.profileinstaller.action.SKIP_FILE" />
128-->[androidx.profileinstaller:profileinstaller:1.3.1] AndroidManifest.xml:44:17-85
128-->[androidx.profileinstaller:profileinstaller:1.3.1] AndroidManifest.xml:44:25-82
129            </intent-filter>
130            <intent-filter>
130-->[androidx.profileinstaller:profileinstaller:1.3.1] AndroidManifest.xml:46:13-48:29
131                <action android:name="androidx.profileinstaller.action.SAVE_PROFILE" />
131-->[androidx.profileinstaller:profileinstaller:1.3.1] AndroidManifest.xml:47:17-88
131-->[androidx.profileinstaller:profileinstaller:1.3.1] AndroidManifest.xml:47:25-85
132            </intent-filter>
133            <intent-filter>
133-->[androidx.profileinstaller:profileinstaller:1.3.1] AndroidManifest.xml:49:13-51:29
134                <action android:name="androidx.profileinstaller.action.BENCHMARK_OPERATION" />
134-->[androidx.profileinstaller:profileinstaller:1.3.1] AndroidManifest.xml:50:17-95
134-->[androidx.profileinstaller:profileinstaller:1.3.1] AndroidManifest.xml:50:25-92
135            </intent-filter>
136        </receiver> <!-- The activities will be merged into the manifest of the hosting app. -->
137        <activity
137-->[com.google.android.play:core-common:2.0.3] AndroidManifest.xml:14:9-18:65
138            android:name="com.google.android.play.core.common.PlayCoreDialogWrapperActivity"
138-->[com.google.android.play:core-common:2.0.3] AndroidManifest.xml:15:13-93
139            android:exported="false"
139-->[com.google.android.play:core-common:2.0.3] AndroidManifest.xml:16:13-37
140            android:stateNotNeeded="true"
140-->[com.google.android.play:core-common:2.0.3] AndroidManifest.xml:17:13-42
141            android:theme="@style/Theme.PlayCore.Transparent" />
141-->[com.google.android.play:core-common:2.0.3] AndroidManifest.xml:18:13-62
142    </application>
143
144</manifest>